[LOG] System::create                           : Header version = 1.10.03. Current version = 1.10.03.
[LOG] SystemI::setOutputInternal               : Setting output to 'FMOD WASAPI Output'
[LOG] Manager::init                            : maxchannels = 1024 studioflags = 00000009 flags 00000000 extradriverdata 0000000000000000.
[LOG] SystemI::init                            : Initialize version=11003 (93157), maxchannels=1024, flags=0x00030000
[LOG] OutputWASAPI::init                       : Mix Format (WAVEFORMATEX): wFormatTag=0xFFFE, nChannels=8, nSamplesPerSec=48000, nAvgBytesPerSec=1536000, nBlockAlign=32, wBitsPerSample=32, cbSize=22.
[LOG] OutputWASAPI::init                       : Mix Format (WAVEFORMATEXTENSIBLE): wValidBitsPerSample=32, dwChannelMask=0x0000063F, SubFormat=00000003-0000-0010-8000-00AA00389B71.
[LOG] OutputWASAPI::init                       : Output buffer size: 4096 samples, latency: 0.00ms, period: 10.00ms, DSP buffer: 1024 * 4
[LOG] DownMix::init                            : dspbuffersize: 1024  rate: 48000. output speaker mode: 7, input speaker mode 3
[LOG] DownMix::init                            : done.
[LOG] Thread::initThread                       : Init FMOD stream thread. Priority: 2, Stack Size: 65536, Semaphore: No, Sleep Time: 10, Looping: Yes.
[LOG] SystemI::DSPCodecPoolRegister            : register codec pool for pool type 5
[LOG] Thread::initThread                       : Init FMOD mixer thread. Priority: 3, Stack Size: 49152, Semaphore: No, Sleep Time: 0, Looping: Yes.
[LOG] AsyncManager::init                       : manager 000000009C3A1398 isAsync 1 updatePeriod 0.02
[LOG] Thread::initThread                       : Init FMOD Studio update thread. Priority: 0, Stack Size: 65536, Semaphore: No, Sleep Time: 1, Looping: No.
[LOG] AsyncManager::init                       : done
[LOG] PlaybackSystem::init                     : 
[LOG] Thread::initThread                       : Init FMOD Studio sample load thread. Priority: 0, Stack Size: 65536, Semaphore: No, Sleep Time: 1, Looping: No.
[LOG] PlaybackSystem::init                     : done
[LOG] LiveUpdate::init                         : 
[LOG] Thread::initThread                       : Init FMOD Studio bank load thread. Priority: 0, Stack Size: 65536, Semaphore: No, Sleep Time: 1, Looping: No.
[LOG] Manager::init                            : done.
[LOG] Profile::init                            : Profiler listening on port: 9264
[LOG] Manager::readBank                        : fileversion = 100, compatVersion = 99 (oldest = 44, newest = 100)
[LOG] Manager::readBank                        : fileversion = 100, compatVersion = 99 (oldest = 44, newest = 100)
[LOG] PlaybackSystem::acquireMasterBus         : Setting master channel group format to 6
[LOG] SystemI::createSound                     : filename = Assets\StreamingAssets\Desktop/Master Bank.bank : mode 02010082
[LOG] SystemI::createSound                     : FMOD_NONBLOCKING specified.  Putting into queue to be opened asynchronously!
[LOG] Thread::initThread                       : Init FMOD nonblocking thread (0). Priority: 1, Stack Size: 81920, Semaphore: Yes, Sleep Time: 0, Looping: Yes.
[LOG] SystemI::createSound                     : setdata soundi = 0000000074C268A8 : node = 0000000047886D90
[LOG] SystemI::createSound                     : add node to async list : head = 00000000751EEAB8.  list count = 0
[LOG] SystemI::createSound                     : filename = Assets\StreamingAssets\Desktop/Master Bank.bank : mode 02010082
[LOG] AsyncThread::threadFunc                  : Starting Asynchronous operation on sound 0000000074C268A8
[LOG] SystemI::createSound                     : FMOD_NONBLOCKING specified.  Putting into queue to be opened asynchronously!
[LOG] SystemI::createSoundInternal             :     Create name='Assets\StreamingAssets\Desktop/Master Bank.bank', mode=0x02010082
[LOG] SystemI::createSound                     :     setdata soundi = 0000000074C26DB8 : node = 00000000478869A0
[LOG] SystemI::createSoundInternal             :     exinfo->cbsize             = 232
[LOG] SystemI::createSound                     :     add node to async list : head = 00000000751EEAB8.  list count = 0
[LOG] SystemI::createSoundInternal             :     exinfo->length             = 13238912
[LOG] SystemI::createSoundInternal             :     exinfo->fileoffset         = 66272
[LOG] SystemI::createSoundInternal             :     exinfo->numsubsounds       = 1
[LOG] SystemI::createSoundInternal             :     exinfo->inclusionlist      = 0000000047886EA8
[LOG] SystemI::createSoundInternal             :     exinfo->inclusionlistnum   = 1
[LOG] SystemI::createSoundInternal             :     exinfo->suggestedsoundtype = 5
[LOG] SystemI::createSoundInternal             :     exinfo->initialseekpostype = 1
[LOG] SystemI::createSoundInternal             :     Stream 0/1: name='Shaving Mirror', format=2, channels=2, frequency=48000, lengthbytes=2699008, lengthpcm=9898109, pcmblocksize=0, loopstart=0, loopend=0, mode=0x00000000, channelmask=0x00000000, channelorder=0, peakvolume=0.819061.
[LOG] SystemI::createSoundInternal             :     Create name='', mode=0x02000202
[LOG] SystemI::createSoundInternal             :     exinfo->cbsize             = 232
[LOG] SystemI::createSoundInternal             :     exinfo->length             = 13238912
[LOG] SystemI::createSoundInternal             :     exinfo->fileoffset         = 66272
[LOG] SystemI::createSoundInternal             :     exinfo->numsubsounds       = 1
[LOG] SystemI::createSoundInternal             :     exinfo->inclusionlist      = 00000000BFA0F5FC
[LOG] SystemI::createSoundInternal             :     exinfo->inclusionlistnum   = 1
[LOG] SystemI::createSoundInternal             :     exinfo->suggestedsoundtype = 5
[LOG] SystemI::createSoundInternal             :     exinfo->useropen           = 00007FF9A1545EC0
[LOG] SystemI::createSoundInternal             :     exinfo->userclose          = 00007FF9A1545E90
[LOG] SystemI::createSoundInternal             :     exinfo->userread           = 00007FF9A1545F90
[LOG] SystemI::createSoundInternal             :     exinfo->userseek           = 00007FF9A1546040
[LOG] SystemI::createSoundInternal             :     exinfo->fileuserdata       = 00000000713BB3A8
[LOG] SystemI::createSoundInternal             :     exinfo->initialseekpostype = 1
[LOG] SystemI::DSPCodecPoolRegister            :     register codec pool for pool type 5
[LOG] SystemI::createSoundInternal             :     Sample 0/1: name='SABRE_ON', format=2, channels=2, frequency=48000, lengthbytes=9536, lengthpcm=47040, pcmblocksize=0, loopstart=0, loopend=0, mode=0x00000000, channelmask=0x00000000, channelorder=0, peakvolume=0.748921.
[LOG] SystemI::createSoundInternal             :     Create name='', mode=0x02000202
[LOG] SystemI::createSoundInternal             :     exinfo->cbsize             = 232
[LOG] SystemI::createSoundInternal             :     exinfo->length             = 13238912
[LOG] SystemI::createSoundInternal             :     exinfo->fileoffset         = 66272
[LOG] SystemI::createSoundInternal             :     exinfo->numsubsounds       = 1
[LOG] SystemI::createSoundInternal             :     exinfo->inclusionlist      = 00000000BFA0F5FC
[LOG] SystemI::createSoundInternal             :     exinfo->inclusionlistnum   = 1
[LOG] SystemI::createSoundInternal             :     exinfo->suggestedsoundtype = 5
[LOG] SystemI::createSoundInternal             :     exinfo->useropen           = 00007FF9A1545EC0
[LOG] SystemI::createSoundInternal             :     exinfo->userclose          = 00007FF9A1545E90
[LOG] SystemI::createSoundInternal             :     exinfo->userread           = 00007FF9A1545F90
[LOG] SystemI::createSoundInternal             :     exinfo->userseek           = 00007FF9A1546040
[LOG] SystemI::createSoundInternal             :     exinfo->fileuserdata       = 00000000713BB3A8
[LOG] SystemI::createSoundInternal             :     exinfo->initialseekpostype = 1
[LOG] SystemI::DSPCodecPoolRegister            :     register codec pool for pool type 5
[LOG] SystemI::createSoundInternal             :     Sample 0/1: name='SABRE_OFF', format=2, channels=2, frequency=48000, lengthbytes=10560, lengthpcm=50400, pcmblocksize=0, loopstart=0, loopend=0, mode=0x00000000, channelmask=0x00000000, channelorder=0, peakvolume=0.412907.
[LOG] SystemI::createSoundInternal             :     Create name='', mode=0x02000202
[LOG] SystemI::createSoundInternal             :     exinfo->cbsize             = 232
[LOG] SystemI::createSoundInternal             :     exinfo->length             = 13238912
[LOG] SystemI::createSoundInternal             :     exinfo->fileoffset         = 66272
[LOG] SystemI::createSoundInternal             :     exinfo->numsubsounds       = 1
[LOG] SystemI::createSoundInternal             :     exinfo->inclusionlist      = 00000000BFA0F5FC
[LOG] SystemI::createSoundInternal             :     exinfo->inclusionlistnum   = 1
[LOG] SystemI::createSoundInternal             :     exinfo->suggestedsoundtype = 5
[LOG] SystemI::createSoundInternal             :     exinfo->useropen           = 00007FF9A1545EC0
[LOG] SystemI::createSoundInternal             :     exinfo->userclose          = 00007FF9A1545E90
[LOG] SystemI::createSoundInternal             :     exinfo->userread           = 00007FF9A1545F90
[LOG] SystemI::createSoundInternal             :     exinfo->userseek           = 00007FF9A1546040
[LOG] SystemI::createSoundInternal             :     exinfo->fileuserdata       = 00000000713BB3A8
[LOG] SystemI::createSoundInternal             :     exinfo->initialseekpostype = 1
[LOG] SystemI::DSPCodecPoolRegister            :     register codec pool for pool type 5
[LOG] SystemI::createSoundInternal             :     Sample 0/1: name='alexander_gastrell_fully_charged_energy_electrical_robot_riser_droid_power_bright_downfilter_future_02_009', format=2, channels=2, frequency=48000, lengthbytes=28544, lengthpcm=111744, pcmblocksize=0, loopstart=0, loopend=0, mode=0x00000000, channelmask=0x00000000, channelorder=0, peakvolume=0.822968.
[LOG] SystemI::createSoundInternal             :     Create name='', mode=0x02000202
[LOG] SystemI::createSoundInternal             :     exinfo->cbsize             = 232
[LOG] SystemI::createSoundInternal             :     exinfo->length             = 13238912
[LOG] SystemI::createSoundInternal             :     exinfo->fileoffset         = 66272
[LOG] SystemI::createSoundInternal             :     exinfo->numsubsounds       = 1
[LOG] SystemI::createSoundInternal             :     exinfo->inclusionlist      = 00000000BFA0F5FC
[LOG] SystemI::createSoundInternal             :     exinfo->inclusionlistnum   = 1
[LOG] SystemI::createSoundInternal             :     exinfo->suggestedsoundtype = 5
[LOG] SystemI::createSoundInternal             :     exinfo->useropen           = 00007FF9A1545EC0
[LOG] Thread::initThread                       :     Init FMOD file thread. Priority: 1, Stack Size: 16384, Semaphore: No, Sleep Time: 10, Looping: Yes.
[LOG] SystemI::createSoundInternal             :     exinfo->userclose          = 00007FF9A1545E90
[LOG] SystemI::createSoundInternal             :     exinfo->userread           = 00007FF9A1545F90
[LOG] SystemI::createSoundInternal             :     exinfo->userseek           = 00007FF9A1546040
[LOG] SystemI::createSoundInternal             :     exinfo->fileuserdata       = 00000000713BB3A8
[LOG] SystemI::createSoundInternal             :     exinfo->initialseekpostype = 1
[LOG] SystemI::DSPCodecPoolRegister            :     register codec pool for pool type 5
[LOG] SystemI::createSoundInternal             :     Sample 0/1: name='POP_Mouth_mono', format=2, channels=1, frequency=48000, lengthbytes=1088, lengthpcm=5248, pcmblocksize=0, loopstart=0, loopend=0, mode=0x00000000, channelmask=0x00000000, channelorder=0, peakvolume=0.972870.
[LOG] SystemI::createSoundInternal             :     Create name='', mode=0x02000202
[LOG] SystemI::createSoundInternal             :     exinfo->cbsize             = 232
[LOG] SystemI::createSoundInternal             :     exinfo->length             = 13238912
[LOG] SystemI::createSoundInternal             :     exinfo->fileoffset         = 66272
[LOG] SystemI::createSoundInternal             :     exinfo->numsubsounds       = 1
[LOG] SystemI::createSoundInternal             :     exinfo->inclusionlist      = 00000000BFA0F5FC
[LOG] SystemI::createSoundInternal             :     exinfo->inclusionlistnum   = 1
[LOG] SystemI::createSoundInternal             :     exinfo->suggestedsoundtype = 5
[LOG] SystemI::createSoundInternal             :     exinfo->useropen           = 00007FF9A1545EC0
[LOG] SystemI::createSoundInternal             :     exinfo->userclose          = 00007FF9A1545E90
[LOG] SystemI::createSoundInternal             :     exinfo->userread           = 00007FF9A1545F90
[LOG] SystemI::createSoundInternal             :     exinfo->userseek           = 00007FF9A1546040
[LOG] SystemI::createSoundInternal             :     exinfo->fileuserdata       = 00000000713BB3A8
[LOG] SystemI::createSoundInternal             :     exinfo->initialseekpostype = 1
[LOG] SystemI::DSPCodecPoolRegister            :     register codec pool for pool type 5
[LOG] SystemI::createSoundInternal             :     Sample 0/1: name='ORDER_STARTING', format=2, channels=1, frequency=48000, lengthbytes=69280, lengthpcm=460450, pcmblocksize=0, loopstart=0, loopend=0, mode=0x00000000, channelmask=0x00000000, channelorder=0, peakvolume=0.215881.
[LOG] SystemI::createSoundInternal             :     Create name='', mode=0x02000202
[LOG] SystemI::createSoundInternal             :     exinfo->cbsize             = 232
[LOG] SystemI::createSoundInternal             :     exinfo->length             = 13238912
[LOG] SystemI::createSoundInternal             :     exinfo->fileoffset         = 66272
[LOG] SystemI::createSoundInternal             :     exinfo->numsubsounds       = 1
[LOG] SystemI::createSoundInternal             :     exinfo->inclusionlist      = 00000000BFA0F5FC
[LOG] SystemI::createSoundInternal             :     exinfo->inclusionlistnum   = 1
[LOG] SystemI::createSoundInternal             :     exinfo->suggestedsoundtype = 5
[LOG] SystemI::createSoundInternal             :     exinfo->useropen           = 00007FF9A1545EC0
[LOG] SystemI::createSoundInternal             :     exinfo->userclose          = 00007FF9A1545E90
[LOG] SystemI::createSoundInternal             :     exinfo->userread           = 00007FF9A1545F90
[LOG] SystemI::createSoundInternal             :     exinfo->userseek           = 00007FF9A1546040
[LOG] SystemI::createSoundInternal             :     exinfo->fileuserdata       = 00000000713BB3A8
[LOG] SystemI::createSoundInternal             :     exinfo->initialseekpostype = 1
[LOG] SystemI::DSPCodecPoolRegister            :     register codec pool for pool type 5
[LOG] SystemI::createSoundInternal             :     Sample 0/1: name='ELECTRICITY_Subtle_loop_mono', format=2, channels=1, frequency=48000, lengthbytes=32896, lengthpcm=115258, pcmblocksize=0, loopstart=0, loopend=0, mode=0x00000000, channelmask=0x00000000, channelorder=0, peakvolume=0.777618.
[LOG] SystemI::createSoundInternal             :     Create name='', mode=0x02000202
[LOG] SystemI::createSoundInternal             :     exinfo->cbsize             = 232
[LOG] SystemI::createSoundInternal             :     exinfo->length             = 13238912
[LOG] AsyncThread::threadFunc                  : Finished Asynchronous operation on sound 0000000074C268A8
[LOG] SystemI::createSoundInternal             : exinfo->fileoffset         = 66272
[LOG] AsyncThread::threadFunc                  : Starting Asynchronous operation on sound 0000000074C26DB8
[LOG] SystemI::createSoundInternal             : exinfo->numsubsounds       = 1
[LOG] SystemI::createSoundInternal             :     Create name='Assets\StreamingAssets\Desktop/Master Bank.bank', mode=0x02010082
[LOG] SystemI::createSoundInternal             :     exinfo->inclusionlist      = 00000000BFA0F5FC
[LOG] SystemI::createSoundInternal             :     exinfo->cbsize             = 232
[LOG] SystemI::createSoundInternal             :     exinfo->inclusionlistnum   = 1
[LOG] SystemI::createSoundInternal             :     exinfo->length             = 13238912
[LOG] SystemI::createSoundInternal             :     exinfo->suggestedsoundtype = 5
[LOG] SystemI::createSoundInternal             :     exinfo->fileoffset         = 66272
[LOG] SystemI::createSoundInternal             :     exinfo->useropen           = 00007FF9A1545EC0
[LOG] SystemI::createSoundInternal             :     exinfo->numsubsounds       = 1
[LOG] SystemI::createSoundInternal             :     exinfo->userclose          = 00007FF9A1545E90
[LOG] SystemI::createSoundInternal             :     exinfo->inclusionlist      = 0000000047886AB8
[LOG] SystemI::createSoundInternal             :     exinfo->userread           = 00007FF9A1545F90
[LOG] SystemI::createSoundInternal             :     exinfo->inclusionlistnum   = 1
[LOG] SystemI::createSoundInternal             :     exinfo->userseek           = 00007FF9A1546040
[LOG] SystemI::createSoundInternal             :     exinfo->suggestedsoundtype = 5
[LOG] SystemI::createSoundInternal             :     exinfo->fileuserdata       = 00000000713BB3A8
[LOG] SystemI::createSoundInternal             :     exinfo->initialseekpostype = 1
[LOG] SystemI::createSoundInternal             :     exinfo->initialseekpostype = 1
[LOG] SystemI::DSPCodecPoolRegister            :     register codec pool for pool type 5
[LOG] SystemI::createSoundInternal             :     Sample 0/1: name='WEAPON_Energy_Beam_05_loop_mono', format=2, channels=1, frequency=48000, lengthbytes=28832, lengthpcm=156090, pcmblocksize=0, loopstart=0, loopend=0, mode=0x00000000, channelmask=0x00000000, channelorder=0, peakvolume=0.985229.
[LOG] SystemI::createSoundInternal             :     Create name='', mode=0x02000202
[LOG] SystemI::createSoundInternal             :     exinfo->cbsize             = 232
[LOG] SystemI::createSoundInternal             :     exinfo->length             = 13238912
[LOG] SystemI::createSoundInternal             :     exinfo->fileoffset         = 66272
[LOG] SystemI::createSoundInternal             :     exinfo->numsubsounds       = 1
[LOG] SystemI::createSoundInternal             :     exinfo->inclusionlist      = 00000000BFA0F5FC
[LOG] SystemI::createSoundInternal             :     exinfo->inclusionlistnum   = 1
[LOG] SystemI::createSoundInternal             :     exinfo->suggestedsoundtype = 5
[LOG] SystemI::createSoundInternal             :     exinfo->useropen           = 00007FF9A1545EC0
[LOG] SystemI::createSoundInternal             :     exinfo->userclose          = 00007FF9A1545E90
[LOG] SystemI::createSoundInternal             :     exinfo->userread           = 00007FF9A1545F90
[LOG] SystemI::createSoundInternal             :     Stream 0/1: name='ZigZag', format=2, channels=2, frequency=48000, lengthbytes=3005056, lengthpcm=10803408, pcmblocksize=0, loopstart=0, loopend=0, mode=0x00000000, channelmask=0x00000000, channelorder=0, peakvolume=0.983795.
[LOG] SystemI::createSoundInternal             :     exinfo->userseek           = 00007FF9A1546040
[LOG] SystemI::createSoundInternal             :     exinfo->fileuserdata       = 00000000713BB3A8
[LOG] SystemI::createSoundInternal             :     exinfo->initialseekpostype = 1
[LOG] SystemI::DSPCodecPoolRegister            :     register codec pool for pool type 5
[LOG] SystemI::createSoundInternal             :     Sample 0/1: name='MAGIC_SPELL_Build_Bang_mono', format=2, channels=1, frequency=48000, lengthbytes=29856, lengthpcm=193562, pcmblocksize=0, loopstart=0, loopend=0, mode=0x00000000, channelmask=0x00000000, channelorder=0, peakvolume=0.962616.
[LOG] SystemI::createSoundInternal             :     Create name='', mode=0x02000202
[LOG] SystemI::createSoundInternal             :     exinfo->cbsize             = 232
[LOG] SystemI::createSoundInternal             :     exinfo->length             = 13238912
[LOG] SystemI::createSoundInternal             :     exinfo->fileoffset         = 66272
[LOG] SystemI::createSoundInternal             :     exinfo->numsubsounds       = 1
[LOG] SystemI::createSoundInternal             :     exinfo->inclusionlist      = 00000000BFA0F5FC
[LOG] SystemI::createSoundInternal             :     exinfo->inclusionlistnum   = 1
[LOG] SystemI::createSoundInternal             :     exinfo->suggestedsoundtype = 5
[LOG] SystemI::createSoundInternal             :     exinfo->useropen           = 00007FF9A1545EC0
[LOG] SystemI::createSoundInternal             :     exinfo->userclose          = 00007FF9A1545E90
[LOG] SystemI::createSoundInternal             :     exinfo->userread           = 00007FF9A1545F90
[LOG] SystemI::createSoundInternal             :     exinfo->userseek           = 00007FF9A1546040
[LOG] SystemI::createSoundInternal             :     exinfo->fileuserdata       = 00000000713BB3A8
[LOG] SystemI::createSoundInternal             :     exinfo->initialseekpostype = 1
[LOG] SystemI::DSPCodecPoolRegister            :     register codec pool for pool type 5
[LOG] SystemI::createSoundInternal             :     Sample 0/1: name='POLISH ENTER', format=2, channels=2, frequency=48000, lengthbytes=13632, lengthpcm=48940, pcmblocksize=0, loopstart=0, loopend=0, mode=0x00000000, channelmask=0x00000000, channelorder=0, peakvolume=0.645630.
[LOG] SystemI::createSoundInternal             :     Create name='', mode=0x02000202
[LOG] SystemI::createSoundInternal             :     exinfo->cbsize             = 232
[LOG] SystemI::createSoundInternal             :     exinfo->length             = 13238912
[LOG] SystemI::createSoundInternal             :     exinfo->fileoffset         = 66272
[LOG] SystemI::createSoundInternal             :     exinfo->numsubsounds       = 1
[LOG] SystemI::createSoundInternal             :     exinfo->inclusionlist      = 00000000BFA0F5FC
[LOG] SystemI::createSoundInternal             :     exinfo->inclusionlistnum   = 1
[LOG] SystemI::createSoundInternal             :     exinfo->suggestedsoundtype = 5
[LOG] SystemI::createSoundInternal             :     exinfo->useropen           = 00007FF9A1545EC0
[LOG] SystemI::createSoundInternal             :     exinfo->userclose          = 00007FF9A1545E90
[LOG] SystemI::createSoundInternal             :     exinfo->userread           = 00007FF9A1545F90
[LOG] SystemI::createSoundInternal             :     exinfo->userseek           = 00007FF9A1546040
[LOG] SystemI::createSoundInternal             :     exinfo->fileuserdata       = 00000000713BB3A8
[LOG] SystemI::createSoundInternal             :     exinfo->initialseekpostype = 1
[LOG] SystemI::DSPCodecPoolRegister            :     register codec pool for pool type 5
[LOG] SystemI::createSoundInternal             :     Sample 0/1: name='TOC mur 2', format=2, channels=2, frequency=48000, lengthbytes=2496, lengthpcm=12355, pcmblocksize=0, loopstart=0, loopend=0, mode=0x00000000, channelmask=0x00000000, channelorder=0, peakvolume=0.681671.
[LOG] SystemI::createSoundInternal             :     Create name='', mode=0x02000202
[LOG] SystemI::createSoundInternal             :     exinfo->cbsize             = 232
[LOG] SystemI::createSoundInternal             :     exinfo->length             = 13238912
[LOG] SystemI::createSoundInternal             :     exinfo->fileoffset         = 66272
[LOG] SystemI::createSoundInternal             :     exinfo->numsubsounds       = 1
[LOG] SystemI::createSoundInternal             :     exinfo->inclusionlist      = 00000000BFA0F5FC
[LOG] SystemI::createSoundInternal             :     exinfo->inclusionlistnum   = 1
[LOG] SystemI::createSoundInternal             :     exinfo->suggestedsoundtype = 5
[LOG] SystemI::createSoundInternal             :     exinfo->useropen           = 00007FF9A1545EC0
[LOG] SystemI::createSoundInternal             :     exinfo->userclose          = 00007FF9A1545E90
[LOG] SystemI::createSoundInternal             :     exinfo->userread           = 00007FF9A1545F90
[LOG] SystemI::createSoundInternal             :     exinfo->userseek           = 00007FF9A1546040
[LOG] SystemI::createSoundInternal             :     exinfo->fileuserdata       = 00000000713BB3A8
[LOG] SystemI::createSoundInternal             :     exinfo->initialseekpostype = 1
[LOG] SystemI::DSPCodecPoolRegister            :     register codec pool for pool type 5
[LOG] SystemI::createSoundInternal             :     Sample 0/1: name='PLASMA_CANNON_Zap_Dropping_Tail_mono', format=2, channels=1, frequency=48000, lengthbytes=3072, lengthpcm=20502, pcmblocksize=0, loopstart=0, loopend=0, mode=0x00000000, channelmask=0x00000000, channelorder=0, peakvolume=0.942749.
[LOG] SystemI::createSoundInternal             :     Create name='', mode=0x02000202
[LOG] SystemI::createSoundInternal             :     exinfo->cbsize             = 232
[LOG] SystemI::createSoundInternal             :     exinfo->length             = 13238912
[LOG] SystemI::createSoundInternal             :     exinfo->fileoffset         = 66272
[LOG] SystemI::createSoundInternal             :     exinfo->numsubsounds       = 1
[LOG] SystemI::createSoundInternal             :     exinfo->inclusionlist      = 00000000BFA0F5FC
[LOG] SystemI::createSoundInternal             :     exinfo->inclusionlistnum   = 1
[LOG] SystemI::createSoundInternal             :     exinfo->suggestedsoundtype = 5
[LOG] SystemI::createSoundInternal             :     exinfo->useropen           = 00007FF9A1545EC0
[LOG] SystemI::createSoundInternal             :     exinfo->userclose          = 00007FF9A1545E90
[LOG] SystemI::createSoundInternal             :     exinfo->userread           = 00007FF9A1545F90
[LOG] SystemI::createSoundInternal             :     exinfo->userseek           = 00007FF9A1546040
[LOG] SystemI::createSoundInternal             :     exinfo->fileuserdata       = 00000000713BB3A8
[LOG] SystemI::createSoundInternal             :     exinfo->initialseekpostype = 1
[LOG] SystemI::DSPCodecPoolRegister            :     register codec pool for pool type 5
[LOG] SystemI::createSoundInternal             :     Sample 0/1: name='SPACE_WARP_Type_02_Warp_C_stereo', format=2, channels=2, frequency=48000, lengthbytes=12416, lengthpcm=53426, pcmblocksize=0, loopstart=0, loopend=0, mode=0x00000000, channelmask=0x00000000, channelorder=0, peakvolume=0.963074.
[LOG] SystemI::createSoundInternal             :     Create name='', mode=0x02000202
[LOG] SystemI::createSoundInternal             :     exinfo->cbsize             = 232
[LOG] SystemI::createSoundInternal             :     exinfo->length             = 13238912
[LOG] SystemI::createSoundInternal             :     exinfo->fileoffset         = 66272
[LOG] SystemI::createSoundInternal             :     exinfo->numsubsounds       = 1
[LOG] SystemI::createSoundInternal             :     exinfo->inclusionlist      = 00000000BFA0F5FC
[LOG] SystemI::createSoundInternal             :     exinfo->inclusionlistnum   = 1
[LOG] SystemI::createSoundInternal             :     exinfo->suggestedsoundtype = 5
[LOG] SystemI::createSoundInternal             :     exinfo->useropen           = 00007FF9A1545EC0
[LOG] SystemI::createSoundInternal             :     exinfo->userclose          = 00007FF9A1545E90
[LOG] SystemI::createSoundInternal             :     exinfo->userread           = 00007FF9A1545F90
[LOG] SystemI::createSoundInternal             :     exinfo->userseek           = 00007FF9A1546040
[LOG] SystemI::createSoundInternal             :     exinfo->fileuserdata       = 00000000713BB3A8
[LOG] SystemI::createSoundInternal             :     exinfo->initialseekpostype = 1
[LOG] SystemI::DSPCodecPoolRegister            :     register codec pool for pool type 5
[LOG] SystemI::createSoundInternal             :     Sample 0/1: name='TOC mur', format=2, channels=2, frequency=48000, lengthbytes=3168, lengthpcm=15747, pcmblocksize=0, loopstart=0, loopend=0, mode=0x00000000, channelmask=0x00000000, channelorder=0, peakvolume=0.608948.
[LOG] SystemI::createSoundInternal             :     Create name='', mode=0x02000202
[LOG] SystemI::createSoundInternal             :     exinfo->cbsize             = 232
[LOG] SystemI::createSoundInternal             :     exinfo->length             = 13238912
[LOG] SystemI::createSoundInternal             :     exinfo->fileoffset         = 66272
[LOG] SystemI::createSoundInternal             :     exinfo->numsubsounds       = 1
[LOG] SystemI::createSoundInternal             :     exinfo->inclusionlist      = 00000000BFA0F5FC
[LOG] SystemI::createSoundInternal             :     exinfo->inclusionlistnum   = 1
[LOG] SystemI::createSoundInternal             :     exinfo->suggestedsoundtype = 5
[LOG] SystemI::createSoundInternal             :     exinfo->useropen           = 00007FF9A1545EC0
[LOG] SystemI::createSoundInternal             :     exinfo->userclose          = 00007FF9A1545E90
[LOG] SystemI::createSoundInternal             :     exinfo->userread           = 00007FF9A1545F90
[LOG] SystemI::createSoundInternal             :     exinfo->userseek           = 00007FF9A1546040
[LOG] SystemI::createSoundInternal             :     exinfo->fileuserdata       = 00000000713BB3A8
[LOG] SystemI::createSoundInternal             :     exinfo->initialseekpostype = 1
[LOG] SystemI::DSPCodecPoolRegister            :     register codec pool for pool type 5
[LOG] SystemI::createSoundInternal             :     Sample 0/1: name='HAND_DRYER_Public_Toilet_Stop_stereo', format=2, channels=2, frequency=48000, lengthbytes=19712, lengthpcm=73377, pcmblocksize=0, loopstart=0, loopend=0, mode=0x00000000, channelmask=0x00000000, channelorder=0, peakvolume=0.645630.
[LOG] SystemI::createSoundInternal             :     Create name='', mode=0x02000202
[LOG] SystemI::createSoundInternal             :     exinfo->cbsize             = 232
[LOG] SystemI::createSoundInternal             :     exinfo->length             = 13238912
[LOG] SystemI::createSoundInternal             :     exinfo->fileoffset         = 66272
[LOG] SystemI::createSoundInternal             :     exinfo->numsubsounds       = 1
[LOG] SystemI::createSoundInternal             :     exinfo->inclusionlist      = 00000000BFA0F5FC
[LOG] SystemI::createSoundInternal             :     exinfo->inclusionlistnum   = 1
[LOG] SystemI::createSoundInternal             :     exinfo->suggestedsoundtype = 5
[LOG] SystemI::createSoundInternal             :     exinfo->useropen           = 00007FF9A1545EC0
[LOG] SystemI::createSoundInternal             :     exinfo->userclose          = 00007FF9A1545E90
[LOG] SystemI::createSoundInternal             :     exinfo->userread           = 00007FF9A1545F90
[LOG] SystemI::createSoundInternal             :     exinfo->userseek           = 00007FF9A1546040
[LOG] SystemI::createSoundInternal             :     exinfo->fileuserdata       = 00000000713BB3A8
[LOG] SystemI::createSoundInternal             :     exinfo->initialseekpostype = 1
[LOG] AsyncThread::threadFunc                  : Finished Asynchronous operation on sound 0000000074C26DB8
[LOG] SystemI::DSPCodecPoolRegister            : register codec pool for pool type 5
[LOG] SystemI::createSoundInternal             : Sample 0/1: name='CAMERA_DSLR_AutoFocus_Motor_02_mono', format=2, channels=1, frequency=48000, lengthbytes=4416, lengthpcm=21241, pcmblocksize=0, loopstart=0, loopend=0, mode=0x00000000, channelmask=0x00000000, channelorder=0, peakvolume=0.769775.
[LOG] SystemI::createSoundInternal             : Create name='', mode=0x02000202
[LOG] SystemI::createSoundInternal             : exinfo->cbsize             = 232
[LOG] SystemI::createSoundInternal             : exinfo->length             = 13238912
[LOG] SystemI::createSoundInternal             : exinfo->fileoffset         = 66272
[LOG] SystemI::createSoundInternal             : exinfo->numsubsounds       = 1
[LOG] SystemI::createSoundInternal             : exinfo->inclusionlist      = 00000000BFA0F5FC
[LOG] SystemI::createSoundInternal             : exinfo->inclusionlistnum   = 1
[LOG] SystemI::createSoundInternal             : exinfo->suggestedsoundtype = 5
[LOG] SystemI::createSoundInternal             : exinfo->useropen           = 00007FF9A1545EC0
[LOG] SystemI::createSoundInternal             : exinfo->userclose          = 00007FF9A1545E90
[LOG] SystemI::createSoundInternal             : exinfo->userread           = 00007FF9A1545F90
[LOG] SystemI::createSoundInternal             : exinfo->userseek           = 00007FF9A1546040
[LOG] SystemI::createSoundInternal             : exinfo->fileuserdata       = 00000000713BB3A8
[LOG] SystemI::createSoundInternal             : exinfo->initialseekpostype = 1
[LOG] SystemI::DSPCodecPoolRegister            : register codec pool for pool type 5
[LOG] SystemI::createSoundInternal             : Sample 0/1: name='TOC mur 3', format=2, channels=2, frequency=48000, lengthbytes=2720, lengthpcm=12355, pcmblocksize=0, loopstart=0, loopend=0, mode=0x00000000, channelmask=0x00000000, channelorder=0, peakvolume=0.236633.
[LOG] SystemI::createSoundInternal             : Create name='', mode=0x02000202
[LOG] SystemI::createSoundInternal             : exinfo->cbsize             = 232
[LOG] SystemI::createSoundInternal             : exinfo->length             = 13238912
[LOG] SystemI::createSoundInternal             : exinfo->fileoffset         = 66272
[LOG] SystemI::createSoundInternal             : exinfo->numsubsounds       = 1
[LOG] SystemI::createSoundInternal             : exinfo->inclusionlist      = 00000000BFA0F5FC
[LOG] SystemI::createSoundInternal             : exinfo->inclusionlistnum   = 1
[LOG] SystemI::createSoundInternal             : exinfo->suggestedsoundtype = 5
[LOG] SystemI::createSoundInternal             : exinfo->useropen           = 00007FF9A1545EC0
[LOG] SystemI::createSoundInternal             : exinfo->userclose          = 00007FF9A1545E90
[LOG] SystemI::createSoundInternal             : exinfo->userread           = 00007FF9A1545F90
[LOG] SystemI::createSoundInternal             : exinfo->userseek           = 00007FF9A1546040
[LOG] SystemI::createSoundInternal             : exinfo->fileuserdata       = 00000000713BB3A8
[LOG] SystemI::createSoundInternal             : exinfo->initialseekpostype = 1
[LOG] SystemI::DSPCodecPoolRegister            : register codec pool for pool type 5
[LOG] SystemI::createSoundInternal             : Sample 0/1: name='ORDER_BAD', format=2, channels=2, frequency=48000, lengthbytes=38016, lengthpcm=147144, pcmblocksize=0, loopstart=0, loopend=0, mode=0x00000000, channelmask=0x00000000, channelorder=0, peakvolume=0.842743.
[LOG] SystemI::createSoundInternal             : Create name='', mode=0x02000202
[LOG] SystemI::createSoundInternal             : exinfo->cbsize             = 232
[LOG] SystemI::createSoundInternal             : exinfo->length             = 13238912
[LOG] SystemI::createSoundInternal             : exinfo->fileoffset         = 66272
[LOG] SystemI::createSoundInternal             : exinfo->numsubsounds       = 1
[LOG] SystemI::createSoundInternal             : exinfo->inclusionlist      = 00000000BFA0F5FC
[LOG] SystemI::createSoundInternal             : exinfo->inclusionlistnum   = 1
[LOG] SystemI::createSoundInternal             : exinfo->suggestedsoundtype = 5
[LOG] SystemI::createSoundInternal             : exinfo->useropen           = 00007FF9A1545EC0
[LOG] SystemI::createSoundInternal             : exinfo->userclose          = 00007FF9A1545E90
[LOG] SystemI::createSoundInternal             : exinfo->userread           = 00007FF9A1545F90
[LOG] SystemI::createSoundInternal             : exinfo->userseek           = 00007FF9A1546040
[LOG] SystemI::createSoundInternal             : exinfo->fileuserdata       = 00000000713BB3A8
[LOG] SystemI::createSoundInternal             : exinfo->initialseekpostype = 1
[LOG] SystemI::DSPCodecPoolRegister            : register codec pool for pool type 5
[LOG] SystemI::createSoundInternal             : Sample 0/1: name='ORDER_GOOD', format=2, channels=2, frequency=48000, lengthbytes=47424, lengthpcm=160976, pcmblocksize=0, loopstart=0, loopend=0, mode=0x00000000, channelmask=0x00000000, channelorder=0, peakvolume=0.924438.
[LOG] SystemI::createSoundInternal             : Create name='', mode=0x02000202
[LOG] SystemI::createSoundInternal             : exinfo->cbsize             = 232
[LOG] SystemI::createSoundInternal             : exinfo->length             = 13238912
[LOG] SystemI::createSoundInternal             : exinfo->fileoffset         = 66272
[LOG] SystemI::createSoundInternal             : exinfo->numsubsounds       = 1
[LOG] SystemI::createSoundInternal             : exinfo->inclusionlist      = 00000000BFA0F5FC
[LOG] SystemI::createSoundInternal             : exinfo->inclusionlistnum   = 1
[LOG] SystemI::createSoundInternal             : exinfo->suggestedsoundtype = 5
[LOG] SystemI::createSoundInternal             : exinfo->useropen           = 00007FF9A1545EC0
[LOG] SystemI::createSoundInternal             : exinfo->userclose          = 00007FF9A1545E90
[LOG] SystemI::createSoundInternal             : exinfo->userread           = 00007FF9A1545F90
[LOG] SystemI::createSoundInternal             : exinfo->userseek           = 00007FF9A1546040
[LOG] SystemI::createSoundInternal             : exinfo->fileuserdata       = 00000000713BB3A8
[LOG] SystemI::createSoundInternal             : exinfo->initialseekpostype = 1
[LOG] SystemI::DSPCodecPoolRegister            : register codec pool for pool type 5
[LOG] SystemI::createSoundInternal             : Sample 0/1: name='MACHINE_Air_Compressor_100L_5_5HP_Run_loop_stereo', format=2, channels=2, frequency=48000, lengthbytes=79392, lengthpcm=275355, pcmblocksize=0, loopstart=0, loopend=0, mode=0x00000000, channelmask=0x00000000, channelorder=0, peakvolume=0.669708.
[LOG] SystemI::createSoundInternal             : Create name='', mode=0x02000202
[LOG] SystemI::createSoundInternal             : exinfo->cbsize             = 232
[LOG] SystemI::createSoundInternal             : exinfo->length             = 13238912
[LOG] SystemI::createSoundInternal             : exinfo->fileoffset         = 66272
[LOG] SystemI::createSoundInternal             : exinfo->numsubsounds       = 1
[LOG] SystemI::createSoundInternal             : exinfo->inclusionlist      = 00000000BFA0F5FC
[LOG] SystemI::createSoundInternal             : exinfo->inclusionlistnum   = 1
[LOG] SystemI::createSoundInternal             : exinfo->suggestedsoundtype = 5
[LOG] SystemI::createSoundInternal             : exinfo->useropen           = 00007FF9A1545EC0
[LOG] SystemI::createSoundInternal             : exinfo->userclose          = 00007FF9A1545E90
[LOG] SystemI::createSoundInternal             : exinfo->userread           = 00007FF9A1545F90
[LOG] SystemI::createSoundInternal             : exinfo->userseek           = 00007FF9A1546040
[LOG] SystemI::createSoundInternal             : exinfo->fileuserdata       = 00000000713BB3A8
[LOG] SystemI::createSoundInternal             : exinfo->initialseekpostype = 1
[LOG] SystemI::DSPCodecPoolRegister            : register codec pool for pool type 5
[LOG] SystemI::createSoundInternal             : Sample 0/1: name='0211', format=2, channels=1, frequency=48000, lengthbytes=20256, lengthpcm=126325, pcmblocksize=0, loopstart=0, loopend=0, mode=0x00000000, channelmask=0x00000000, channelorder=0, peakvolume=0.999969.
[LOG] SystemI::createSoundInternal             : Create name='', mode=0x02000202
[LOG] SystemI::createSoundInternal             : exinfo->cbsize             = 232
[LOG] SystemI::createSoundInternal             : exinfo->length             = 13238912
[LOG] SystemI::createSoundInternal             : exinfo->fileoffset         = 66272
[LOG] SystemI::createSoundInternal             : exinfo->numsubsounds       = 1
[LOG] SystemI::createSoundInternal             : exinfo->inclusionlist      = 00000000BFA0F5FC
[LOG] SystemI::createSoundInternal             : exinfo->inclusionlistnum   = 1
[LOG] SystemI::createSoundInternal             : exinfo->suggestedsoundtype = 5
[LOG] SystemI::createSoundInternal             : exinfo->useropen           = 00007FF9A1545EC0
[LOG] SystemI::createSoundInternal             : exinfo->userclose          = 00007FF9A1545E90
[LOG] SystemI::createSoundInternal             : exinfo->userread           = 00007FF9A1545F90
[LOG] SystemI::createSoundInternal             : exinfo->userseek           = 00007FF9A1546040
[LOG] SystemI::createSoundInternal             : exinfo->fileuserdata       = 00000000713BB3A8
[LOG] SystemI::createSoundInternal             : exinfo->initialseekpostype = 1
[LOG] SystemI::DSPCodecPoolRegister            : register codec pool for pool type 5
[LOG] SystemI::createSoundInternal             : Sample 0/1: name='Mermaid', format=2, channels=2, frequency=48000, lengthbytes=52992, lengthpcm=216000, pcmblocksize=0, loopstart=0, loopend=0, mode=0x00000000, channelmask=0x00000000, channelorder=0, peakvolume=0.294428.
[LOG] SystemI::createSoundInternal             : Create name='', mode=0x02000202
[LOG] SystemI::createSoundInternal             : exinfo->cbsize             = 232
[LOG] SystemI::createSoundInternal             : exinfo->length             = 13238912
[LOG] SystemI::createSoundInternal             : exinfo->fileoffset         = 66272
[LOG] SystemI::createSoundInternal             : exinfo->numsubsounds       = 1
[LOG] SystemI::createSoundInternal             : exinfo->inclusionlist      = 00000000BFA0F5FC
[LOG] SystemI::createSoundInternal             : exinfo->inclusionlistnum   = 1
[LOG] SystemI::createSoundInternal             : exinfo->suggestedsoundtype = 5
[LOG] SystemI::createSoundInternal             : exinfo->useropen           = 00007FF9A1545EC0
[LOG] SystemI::createSoundInternal             : exinfo->userclose          = 00007FF9A1545E90
[LOG] SystemI::createSoundInternal             : exinfo->userread           = 00007FF9A1545F90
[LOG] SystemI::createSoundInternal             : exinfo->userseek           = 00007FF9A1546040
[LOG] SystemI::createSoundInternal             : exinfo->fileuserdata       = 00000000713BB3A8
[LOG] SystemI::createSoundInternal             : exinfo->initialseekpostype = 1
[LOG] SystemI::DSPCodecPoolRegister            : register codec pool for pool type 5
[LOG] SystemI::createSoundInternal             : Sample 0/1: name='SNAP_Twig_mono', format=2, channels=1, frequency=48000, lengthbytes=3840, lengthpcm=17965, pcmblocksize=0, loopstart=0, loopend=0, mode=0x00000000, channelmask=0x00000000, channelorder=0, peakvolume=0.725647.
[LOG] SystemI::createSoundInternal             : Create name='', mode=0x02000202
[LOG] SystemI::createSoundInternal             : exinfo->cbsize             = 232
[LOG] SystemI::createSoundInternal             : exinfo->length             = 13238912
[LOG] SystemI::createSoundInternal             : exinfo->fileoffset         = 66272
[LOG] SystemI::createSoundInternal             : exinfo->numsubsounds       = 1
[LOG] SystemI::createSoundInternal             : exinfo->inclusionlist      = 00000000BFA0F5FC
[LOG] SystemI::createSoundInternal             : exinfo->inclusionlistnum   = 1
[LOG] SystemI::createSoundInternal             : exinfo->suggestedsoundtype = 5
[LOG] SystemI::createSoundInternal             : exinfo->useropen           = 00007FF9A1545EC0
[LOG] SystemI::createSoundInternal             : exinfo->userclose          = 00007FF9A1545E90
[LOG] SystemI::createSoundInternal             : exinfo->userread           = 00007FF9A1545F90
[LOG] SystemI::createSoundInternal             : exinfo->userseek           = 00007FF9A1546040
[LOG] SystemI::createSoundInternal             : exinfo->fileuserdata       = 00000000713BB3A8
[LOG] SystemI::createSoundInternal             : exinfo->initialseekpostype = 1
[LOG] SystemI::DSPCodecPoolRegister            : register codec pool for pool type 5
[LOG] SystemI::createSoundInternal             : Sample 0/1: name='Whoosh sound effect', format=2, channels=2, frequency=48000, lengthbytes=2784, lengthpcm=49040, pcmblocksize=0, loopstart=0, loopend=0, mode=0x00000000, channelmask=0x00000000, channelorder=0, peakvolume=0.699585.
[LOG] SoundI::release                          : Shaving Mirror (0000000074C268A8)
[LOG] SoundI::release                          :     Shaving Mirror (000000009C438508)
[LOG] SoundI::release                          :     Shaving Mirror (00000000A8E166D8)
[LOG] SoundI::release                          : ZigZag (0000000074C26DB8)
[LOG] SoundI::release                          :     ZigZag (000000009C4381C8)
[LOG] SoundI::release                          :     ZigZag (00000000A8E16378)
[LOG] SoundI::release                          :  (0000000071F0C328)
[LOG] SoundI::release                          :     WEAPON_Energy_Beam_05_loop_mono (00000000747BE228)
[LOG] SoundI::release                          :  (0000000071F0D5D8)
[LOG] SoundI::release                          :     Mermaid (0000000071A41578)
[LOG] SoundI::release                          :  (0000000071F0CA58)
[LOG] SoundI::release                          :     ELECTRICITY_Subtle_loop_mono (00000000747BE8A8)
[LOG] SoundI::release                          :  (0000000071F0CEA8)
[LOG] SoundI::release                          :     ORDER_BAD (000000009BD61058)
[LOG] SoundI::release                          :  (0000000071F0D188)
[LOG] SoundI::release                          :     CAMERA_DSLR_AutoFocus_Motor_02_mono (000000009C1FD7A8)
[LOG] SoundI::release                          :  (0000000071F0C608)
[LOG] SoundI::release                          :     SPACE_WARP_Type_02_Warp_C_stereo (00000000747BE088)
[LOG] SoundI::release                          :  (0000000071F0C048)
[LOG] SoundI::release                          :     MAGIC_SPELL_Build_Bang_mono (00000000747BE568)
[LOG] SoundI::release                          :  (0000000071F0C778)
[LOG] SoundI::release                          :     TOC mur (000000009C1FD948)
[LOG] SoundI::release                          :  (0000000071F0C1B8)
[LOG] SoundI::release                          :     TOC mur 2 (00000000747BDD48)
[LOG] SoundI::release                          :  (0000000071F0CD38)
[LOG] SoundI::release                          :     TOC mur 3 (000000009C1FD468)
[LOG] SoundI::release                          :  (0000000048396958)
[LOG] SoundI::release                          :     SABRE_ON (00000000483AE028)
[LOG] SoundI::release                          :  (0000000071F0D018)
[LOG] SoundI::release                          :     ORDER_GOOD (000000009BD611F8)
[LOG] SoundI::release                          :  (0000000071F0CBC8)
[LOG] SoundI::release                          :     ORDER_STARTING (00000000747BE708)
[LOG] SoundI::release                          :  (0000000071F0D468)
[LOG] SoundI::release                          :     0211 (000000009BD61538)
[LOG] SoundI::release                          :  (0000000071F0C498)
[LOG] SoundI::release                          :     HAND_DRYER_Public_Toilet_Stop_stereo (000000009C1FD608)
[LOG] SoundI::release                          :  (0000000071F0BD68)
[LOG] SoundI::release                          :     POLISH ENTER (00000000747BEA48)
[LOG] SoundI::release                          :  (0000000048397EE8)
[LOG] SoundI::release                          :     alexander_gastrell_fully_charged_energy_electrical_robot_riser_droid_power_bright_downfilter_future_02_009 (00000000483AE1C8)
[LOG] SoundI::release                          :  (0000000071F0D2F8)
[LOG] SoundI::release                          :     MACHINE_Air_Compressor_100L_5_5HP_Run_loop_stereo (000000009BD61398)
[LOG] SoundI::release                          :  (0000000071F0D8B8)
[LOG] SoundI::release                          :     SNAP_Twig_mono (0000000071A40BB8)
[LOG] SoundI::release                          :  (0000000071F0BED8)
[LOG] SoundI::release                          :     PLASMA_CANNON_Zap_Dropping_Tail_mono (00000000747BDEE8)
[LOG] SoundI::release                          :  (0000000048396228)
[LOG] SoundI::release                          :     POP_Mouth_mono (00000000747BE3C8)
[LOG] SoundI::release                          :  (0000000071F0BA88)
[LOG] SoundI::release                          :     Whoosh sound effect (0000000071A40878)
[LOG] SoundI::release                          :  (0000000048397C08)
[LOG] SoundI::release                          :     SABRE_OFF (00000000483ADE88)
[LOG] Thread::callback                         : FMOD Studio update thread finished.
[LOG] Thread::callback                         : FMOD Studio bank load thread finished.
[LOG] Profile::disconnectAll                   : Profiler disconnecting all clients
[LOG] Thread::callback                         : FMOD Studio sample load thread finished.
[LOG] LiveUpdate::release                      : 
[LOG] LiveUpdate::reset                        : Reset connection (reason Disconnected)
[LOG] Thread::callback                         : FMOD stream thread finished.
[LOG] Thread::callback                         : FMOD mixer thread finished.
[LOG] Profile::disconnectAll                   : Profiler disconnecting all clients
[LOG] Thread::callback                         : FMOD nonblocking thread (0) finished.
[LOG] Thread::callback                         : FMOD file thread finished.
[LOG] SystemI::close                           : Closed.
